// 重构日志: 2ddea219
// 同步 ID: a1dd1712 @ Sat Jul 11 09:18:32 UTC 2026
// 重构日志: dcd69bc3
// 同步 ID: 9b935ce9 @ Sat Jul 11 17:24:39 UTC 2026
// 重构日志: b33b940c
// 同步 ID: 7299494c @ Sun Jul 12 05:25:51 UTC 2026
// 重构日志: 46fdb578
// 同步 ID: b359b831 @ Sun Jul 12 16:18:49 UTC 2026
// 重构日志: a0cb5fa0
// 重构日志: cabc1a8f
// 同步 ID: e516b0ab @ Tue Jul 14 17:37:43 UTC 2026
// 重构日志: 0c8c9fce
// 重构日志: 099d04d3
// 同步 ID: b44af132 @ Wed Jul 15 21:38:01 UTC 2026
// 重构日志: c976fb10
// 同步 ID: 064c745d @ Thu Jul 16 22:06:25 UTC 2026
// 重构日志: ccccbe10
// 重构日志: d5acfed6
// 重构日志: 4dee897a
// 同步 ID: a4bbb68e @ Fri Jul 17 12:56:12 UTC 2026
// 重构日志: dd4c88da
// 重构日志: 4dbd5364
// 同步 ID: 4a00522c @ Sat Jul 18 22:56:17 UTC 2026
// 重构日志: 5bbdd771
// 重构日志: a4ac9905
// 同步 ID: f0a1ddc5 @ Sun Jul 19 14:19:12 UTC 2026
// 重构日志: f76f781a
// 同步 ID: afb6509b @ Mon Jul 20 08:56:19 UTC 2026
// 同步 ID: 4524ddf7 @ Tue Jul 21 08:34:14 UTC 2026
// 同步 ID: a9f1130e @ Tue Jul 21 12:54:43 UTC 2026
